<?xml version="1.0" encoding="UTF-8"?>
<!-- Generated by org.testng.reporters.JUnitReportReporter -->
<testsuite hostname="pASUS" failures="0" tests="1" name="com.amazon.HomePageTest" time="15.915" errors="0" timestamp="2024-06-09T15:31:01 IST" skipped="0">
  <testcase classname="com.amazon.HomePageTest" name="goToHomePageTest" time="15.915"/>
</testsuite> <!-- com.amazon.HomePageTest -->
